10:50:20 **** Incremental Build of configuration Debug for project array ****
make all 
Building file: ../src/array.c
Invoking: GCC C Compiler
gcc -O0 -g3 -Wall -c -fmessage-length=0 -MMD -MP -MF"src/array.d" -MT"src/array.o" -o "src/array.o" "../src/array.c"
../src/array.c: In function ‘main’:
../src/array.c:23:33: warning: array subscript has type ‘char’ [-Wchar-subscripts]
   23 |                 scanf("%d",&name[i]);
      |                                 ^
../src/array.c:23:25: warning: format ‘%d’ expects argument of type ‘int *’, but argument 2 has type ‘char *’ [-Wformat=]
   23 |                 scanf("%d",&name[i]);
      |                        ~^  ~~~~~~~~
      |                         |  |
      |                         |  char *
      |                         int *
      |                        %hhd
../src/array.c:29:53: warning: array subscript has type ‘char’ [-Wchar-subscripts]
   29 |                 printf("entered values are%d\n",name[i]);
      |                                                     ^
Finished building: ../src/array.c
 
Building target: array
Invoking: GCC C Linker
gcc  -o "array" ./src/array.o   
Finished building target: array
 

10:50:20 Build Finished. 0 errors, 3 warnings. (took 210ms)

